<?xml version="1.0" encoding="UTF-8"?>
<!-- Generated by org.testng.reporters.JUnitReportReporter -->
<testsuite hostname="LAPTOP-G3H04BQK" failures="0" tests="5" name="testlogin.selenium_testlogin.TestLogin" time="27.105" errors="0" timestamp="2021-05-26T23:02:48 ICT" skipped="0">
  <testcase classname="testlogin.selenium_testlogin.TestLogin" name="Testcase1" time="5.329"/>
  <system-out/>
  <testcase classname="testlogin.selenium_testlogin.TestLogin" name="Testcase2" time="5.273"/>
  <system-out/>
  <testcase classname="testlogin.selenium_testlogin.TestLogin" name="Testcase3" time="5.278"/>
  <system-out/>
  <testcase classname="testlogin.selenium_testlogin.TestLogin" name="Testcase4" time="5.266"/>
  <system-out/>
  <testcase classname="testlogin.selenium_testlogin.TestLogin" name="Testcase5" time="5.959"/>
  <system-out/>
</testsuite> <!-- testlogin.selenium_testlogin.TestLogin -->
